<?xml version="1.0" encoding="UTF-8"?>
<testng-results skipped="0" failed="0" ignored="0" total="0" passed="0">
  <reporter-output>
  </reporter-output>
  <suite name="Command line suite" duration-ms="6" started-at="2021-01-02T14:41:35 EET" finished-at="2021-01-02T14:41:35 EET">
    <groups>
    </groups>
    <test name="Command line test" duration-ms="6" started-at="2021-01-02T14:41:35 EET" finished-at="2021-01-02T14:41:35 EET">
    </test> <!-- Command line test -->
  </suite> <!-- Command line suite -->
</testng-results>
