<?xml version="1.0" encoding="UTF-8" ?>
<testsuite tests="1" failures="0" name="cucumver.Options.TestRunnerTest" time="0.006" errors="1" skipped="0">
  <properties>
[...]
</properties>
  <testcase classname="cucumver.Options.TestRunnerTest" name="initializationError" time="0.006">
    <error message="Unknown option: --tag" type="cucumber.runtime.CucumberException">cucumber.runtime.CucumberException: Unknown option: --tag
	at io.cucumber.core.options.RuntimeOptionsParser.parse(RuntimeOptionsParser.java:126)
	at io.cucumber.core.options.EnvironmentOptionsParser.parse(EnvironmentOptionsParser.java:34)
	at io.cucumber.junit.Cucumber.&lt;init&gt;(Cucumber.java:95)
	at sun.reflect.NativeConstructorAccessorImpl.newInstance0(Native Method)
	at sun.reflect.NativeConstructorAccessorImpl.newInstance(NativeConstructorAccessorImpl.java:62)
	at sun.reflect.DelegatingConstructorAccessorImpl.newInstance(DelegatingConstructorAccessorImpl.java:45)
	at java.lang.reflect.Constructor.newInstance(Constructor.java:422)
	at org.junit.internal.builders.AnnotatedBuilder.buildRunner(AnnotatedBuilder.java:104)
	at org.junit.internal.builders.AnnotatedBuilder.runnerForClass(AnnotatedBuilder.java:86)
	at org.junit.runners.model.RunnerBuilder.safeRunnerForClass(RunnerBuilder.java:59)
	at org.junit.internal.builders.AllDefaultPossibilitiesBuilder.runnerForClass(AllDefaultPossibilitiesBuilder.java:26)
	at org.junit.runners.model.RunnerBuilder.safeRunnerForClass(RunnerBuilder.java:59)
	at org.junit.internal.requests.ClassRequest.getRunner(ClassRequest.java:33)
	at org.apache.maven.surefire.junit4.JUnit4Provider.execute(JUnit4Provider.java:250)
	at org.apache.maven.surefire.junit4.JUnit4Provider.executeTestSet(JUnit4Provider.java:141)
	at org.apache.maven.surefire.junit4.JUnit4Provider.invoke(JUnit4Provider.java:112)
	at sun.reflect.NativeMethodAccessorImpl.invoke0(Native Method)
	at sun.reflect.NativeMethodAccessorImpl.invoke(NativeMethodAccessorImpl.java:62)
	at sun.reflect.DelegatingMethodAccessorImpl.invoke(DelegatingMethodAccessorImpl.java:43)
	at java.lang.reflect.Method.invoke(Method.java:497)
	at org.apache.maven.surefire.util.ReflectionUtils.invokeMethodWithArray(ReflectionUtils.java:189)
	at org.apache.maven.surefire.booter.ProviderFactory$ProviderProxy.invoke(ProviderFactory.java:165)
	at org.apache.maven.surefire.booter.ProviderFactory.invokeProvider(ProviderFactory.java:85)
	at org.apache.maven.surefire.booter.ForkedBooter.runSuitesInProcess(ForkedBooter.java:115)
	at org.apache.maven.surefire.booter.ForkedBooter.main(ForkedBooter.java:75)
</error>
    <system-out>Usage: java cucumber.api.cli.Main [options] [ [DIR|DIR URI] | [ [FILE|FILE URI][:LINE]* ] | @[FILE|FILE URI] ]+

Options:

      --threads COUNT                      Number of threads to run tests under.
                                           Defaults to 1.

  -g, --glue PATH                          Package to load glue code (step definitions,
                                           hooks and plugins) from. E.g: com.example.app

  -p, --[add-]plugin PLUGIN[:PATH_OR_URL]  Register a plugin.
                                           Built-in formatter PLUGIN types: junit,
                                           html, pretty, progress, json, usage, rerun,
                                           testng. Built-in summary PLUGIN types:
                                           default_summary, null_summary, unused. PLUGIN
                                           can also be a fully qualified class name,
                                           allowing registration of 3rd party plugins.
                                           --add-plugin does not clobber plugins of that
                                           type defined from a different source.

  -t, --tags TAG_EXPRESSION                Only run scenarios tagged with tags matching
                                           TAG_EXPRESSION.

  -n, --name REGEXP                        Only run scenarios whose names match REGEXP.

  -d, --[no-]dry-run                       Skip execution of glue code.

  -m, --[no-]monochrome                    Don&apos;t colour terminal output.

  -s, --[no-]strict                        Treat undefined and pending steps as errors.

      --snippets [underscore|camelcase]    Naming convention for generated snippets.
                                           Defaults to underscore.

  -v, --version                            Print version.

  -h, --help                               You&apos;re looking at it.

      --i18n LANG                          List keywords for in a particular language
                                           Run with &quot;--i18n help&quot; to see all languages

      --junit,OPTION[,OPTION]*             Pass the OPTION(s) to the JUnit module.
                                           Use --junit,-h or --junit,--help to print the
                                           options of the JUnit module.

  -w, --wip                                Fail if there are any passing scenarios.
  
    
      --order                              Run the scenarios in a different order. 
                                           The options are &apos;reverse&apos; and &apos;random&apos;. In
                                           case of &apos;random&apos; order an optional seed
                                           parameter can be added &apos;random:&lt;seed&gt;&apos;.

      --count                              Number of scenarios to be executed. If not 
                                           specified all scenarios are run.

Feature path examples:

  &lt;path&gt;                                   Load the files with the extension &quot;.feature&quot;
                                           for the directory &lt;path&gt;
                                           and its sub directories.

  &lt;path&gt;/&lt;name&gt;.feature                    Load the feature file &lt;path&gt;/&lt;name&gt;.feature
                                           from the file system.

  classpath:&lt;path&gt;/&lt;name&gt;.feature          Load the feature file &lt;path&gt;/&lt;name&gt;.feature
                                           from the classpath.

  &lt;path&gt;/&lt;name&gt;.feature:3:9                Load the scenarios on line 3 and line 9 in
                                           the file &lt;path&gt;/&lt;name&gt;.feature.

  @&lt;path&gt;/&lt;file&gt;                           Load &lt;path&gt;/&lt;file&gt; from the file system and
                                           parse feature paths generated by the rerun
                                           formatter.

  @classpath:&lt;path&gt;/&lt;file&gt;                 Load &lt;path&gt;/&lt;file&gt; from the classpath and
                                           parse feature paths generated by the rerun
                                           formatter.

</system-out>
  </testcase>
</testsuite>